  main.cpp
c:\csci 3090\examples\example3\main.cpp(68): warning C4244: '=': conversion from 'double' to 'int', possible loss of data
c:\csci 3090\examples\example3\main.cpp(69): warning C4244: '=': conversion from 'double' to 'int', possible loss of data
c:\csci 3090\examples\example3\main.cpp(72): warning C4244: '=': conversion from 'GLfloat' to 'int', possible loss of data
c:\csci 3090\examples\example3\main.cpp(74): warning C4244: '=': conversion from 'GLfloat' to 'int', possible loss of data
c:\csci 3090\examples\example3\main.cpp(76): warning C4244: '=': conversion from 'GLfloat' to 'int', possible loss of data
c:\csci 3090\examples\example3\main.cpp(78): warning C4244: '=': conversion from 'GLfloat' to 'int', possible loss of data
c:\csci 3090\examples\example3\main.cpp(80): warning C4244: '=': conversion from 'GLfloat' to 'int', possible loss of data
c:\csci 3090\examples\example3\main.cpp(82): warning C4244: '=': conversion from 'GLfloat' to 'int', possible loss of data
c:\csci 3090\examples\example3\main.cpp(210): warning C4101: 'vPosition': unreferenced local variable
c:\csci 3090\examples\example3\main.cpp(211): warning C4101: 'colourLoc': unreferenced local variable
c:\csci 3090\examples\example3\main.cpp(254): warning C4244: 'initializing': conversion from 'double' to 'float', possible loss of data
c:\csci 3090\examples\example3\main.cpp(256): warning C4244: 'argument': conversion from 'float' to 'GLint', possible loss of data
c:\csci 3090\examples\example3\main.cpp(271): warning C4305: '-=': truncation from 'double' to 'float'
c:\csci 3090\examples\example3\main.cpp(274): warning C4305: '+=': truncation from 'double' to 'float'
c:\csci 3090\examples\example3\main.cpp(277): warning C4305: '+=': truncation from 'double' to 'float'
c:\csci 3090\examples\example3\main.cpp(280): warning C4305: '-=': truncation from 'double' to 'float'
c:\csci 3090\examples\example3\main.cpp(296): warning C4244: '=': conversion from 'double' to 'float', possible loss of data
c:\csci 3090\examples\example3\main.cpp(334): warning C4305: '=': truncation from 'double' to 'float'
  Example3.vcxproj -> C:\CSCI 3090\examples\Example3\Debug\Example3.exe
  Example3.vcxproj -> C:\CSCI 3090\examples\Example3\Debug\Example3.pdb (Full PDB)
